-------------------------------------------------------------------------------
Test set: com.nexus.sentiment.SentimentPredictorTest
-------------------------------------------------------------------------------
Tests run: 12, Failures: 0, Errors: 12, Skipped: 0, Time elapsed: 0.012 s <<< FAILURE! -- in com.nexus.sentiment.SentimentPredictorTest
com.nexus.sentiment.SentimentPredictorTest.testFormatProbabilities -- Time elapsed: 0.001 s <<< ERROR!
java.lang.IllegalArgumentException: Attribute names are not unique! Causes: 'product' 
	at weka.core.Instances.<init>(Instances.java:265)
	at weka.core.DictionaryBuilder.getVectorizedFormat(DictionaryBuilder.java:1257)
	at weka.core.DictionaryBuilder.finalizeDictionary(DictionaryBuilder.java:1797)
	at weka.filters.unsupervised.attribute.StringToWordVector.batchFinished(StringToWordVector.java:679)
	at weka.filters.Filter.useFilter(Filter.java:708)
	at weka.classifiers.meta.FilteredClassifier.setUp(FilteredClassifier.java:719)
	at weka.classifiers.meta.FilteredClassifier.buildClassifier(FilteredClassifier.java:794)
	at com.nexus.sentiment.SentimentModelTrainer.train(SentimentModelTrainer.java:42)
	at com.nexus.sentiment.SentimentPredictorTest.setUp(SentimentPredictorTest.java:48)
	at java.base/java.lang.reflect.Method.invoke(Method.java:565)
	at java.base/java.util.ArrayList.forEach(ArrayList.java:1604)
	at java.base/java.util.ArrayList.forEach(ArrayList.java:1604)

com.nexus.sentiment.SentimentPredictorTest.testProbabilityForMethod -- Time elapsed: 0.001 s <<< ERROR!
java.lang.IllegalArgumentException: Attribute names are not unique! Causes: 'product' 
	at weka.core.Instances.<init>(Instances.java:265)
	at weka.core.DictionaryBuilder.getVectorizedFormat(DictionaryBuilder.java:1257)
	at weka.core.DictionaryBuilder.finalizeDictionary(DictionaryBuilder.java:1797)
	at weka.filters.unsupervised.attribute.StringToWordVector.batchFinished(StringToWordVector.java:679)
	at weka.filters.Filter.useFilter(Filter.java:708)
	at weka.classifiers.meta.FilteredClassifier.setUp(FilteredClassifier.java:719)
	at weka.classifiers.meta.FilteredClassifier.buildClassifier(FilteredClassifier.java:794)
	at com.nexus.sentiment.SentimentModelTrainer.train(SentimentModelTrainer.java:42)
	at com.nexus.sentiment.SentimentPredictorTest.setUp(SentimentPredictorTest.java:48)
	at java.base/java.lang.reflect.Method.invoke(Method.java:565)
	at java.base/java.util.ArrayList.forEach(ArrayList.java:1604)
	at java.base/java.util.ArrayList.forEach(ArrayList.java:1604)

com.nexus.sentiment.SentimentPredictorTest.testProbabilityForUnknownLabel -- Time elapsed: 0.001 s <<< ERROR!
java.lang.IllegalArgumentException: Attribute names are not unique! Causes: 'product' 
	at weka.core.Instances.<init>(Instances.java:265)
	at weka.core.DictionaryBuilder.getVectorizedFormat(DictionaryBuilder.java:1257)
	at weka.core.DictionaryBuilder.finalizeDictionary(DictionaryBuilder.java:1797)
	at weka.filters.unsupervised.attribute.StringToWordVector.batchFinished(StringToWordVector.java:679)
	at weka.filters.Filter.useFilter(Filter.java:708)
	at weka.classifiers.meta.FilteredClassifier.setUp(FilteredClassifier.java:719)
	at weka.classifiers.meta.FilteredClassifier.buildClassifier(FilteredClassifier.java:794)
	at com.nexus.sentiment.SentimentModelTrainer.train(SentimentModelTrainer.java:42)
	at com.nexus.sentiment.SentimentPredictorTest.setUp(SentimentPredictorTest.java:48)
	at java.base/java.lang.reflect.Method.invoke(Method.java:565)
	at java.base/java.util.ArrayList.forEach(ArrayList.java:1604)
	at java.base/java.util.ArrayList.forEach(ArrayList.java:1604)

com.nexus.sentiment.SentimentPredictorTest.testDistributionProbabilitiesValid -- Time elapsed: 0.001 s <<< ERROR!
java.lang.IllegalArgumentException: Attribute names are not unique! Causes: 'product' 
	at weka.core.Instances.<init>(Instances.java:265)
	at weka.core.DictionaryBuilder.getVectorizedFormat(DictionaryBuilder.java:1257)
	at weka.core.DictionaryBuilder.finalizeDictionary(DictionaryBuilder.java:1797)
	at weka.filters.unsupervised.attribute.StringToWordVector.batchFinished(StringToWordVector.java:679)
	at weka.filters.Filter.useFilter(Filter.java:708)
	at weka.classifiers.meta.FilteredClassifier.setUp(FilteredClassifier.java:719)
	at weka.classifiers.meta.FilteredClassifier.buildClassifier(FilteredClassifier.java:794)
	at com.nexus.sentiment.SentimentModelTrainer.train(SentimentModelTrainer.java:42)
	at com.nexus.sentiment.SentimentPredictorTest.setUp(SentimentPredictorTest.java:48)
	at java.base/java.lang.reflect.Method.invoke(Method.java:565)
	at java.base/java.util.ArrayList.forEach(ArrayList.java:1604)
	at java.base/java.util.ArrayList.forEach(ArrayList.java:1604)

com.nexus.sentiment.SentimentPredictorTest.testMissingAttributes -- Time elapsed: 0 s <<< ERROR!
java.lang.IllegalArgumentException: Attribute names are not unique! Causes: 'product' 
	at weka.core.Instances.<init>(Instances.java:265)
	at weka.core.DictionaryBuilder.getVectorizedFormat(DictionaryBuilder.java:1257)
	at weka.core.DictionaryBuilder.finalizeDictionary(DictionaryBuilder.java:1797)
	at weka.filters.unsupervised.attribute.StringToWordVector.batchFinished(StringToWordVector.java:679)
	at weka.filters.Filter.useFilter(Filter.java:708)
	at weka.classifiers.meta.FilteredClassifier.setUp(FilteredClassifier.java:719)
	at weka.classifiers.meta.FilteredClassifier.buildClassifier(FilteredClassifier.java:794)
	at com.nexus.sentiment.SentimentModelTrainer.train(SentimentModelTrainer.java:42)
	at com.nexus.sentiment.SentimentPredictorTest.setUp(SentimentPredictorTest.java:48)
	at java.base/java.lang.reflect.Method.invoke(Method.java:565)
	at java.base/java.util.ArrayList.forEach(ArrayList.java:1604)
	at java.base/java.util.ArrayList.forEach(ArrayList.java:1604)

com.nexus.sentiment.SentimentPredictorTest.testPredictionContainsAllFields -- Time elapsed: 0 s <<< ERROR!
java.lang.IllegalArgumentException: Attribute names are not unique! Causes: 'product' 
	at weka.core.Instances.<init>(Instances.java:265)
	at weka.core.DictionaryBuilder.getVectorizedFormat(DictionaryBuilder.java:1257)
	at weka.core.DictionaryBuilder.finalizeDictionary(DictionaryBuilder.java:1797)
	at weka.filters.unsupervised.attribute.StringToWordVector.batchFinished(StringToWordVector.java:679)
	at weka.filters.Filter.useFilter(Filter.java:708)
	at weka.classifiers.meta.FilteredClassifier.setUp(FilteredClassifier.java:719)
	at weka.classifiers.meta.FilteredClassifier.buildClassifier(FilteredClassifier.java:794)
	at com.nexus.sentiment.SentimentModelTrainer.train(SentimentModelTrainer.java:42)
	at com.nexus.sentiment.SentimentPredictorTest.setUp(SentimentPredictorTest.java:48)
	at java.base/java.lang.reflect.Method.invoke(Method.java:565)
	at java.base/java.util.ArrayList.forEach(ArrayList.java:1604)
	at java.base/java.util.ArrayList.forEach(ArrayList.java:1604)

com.nexus.sentiment.SentimentPredictorTest.testDebugSummary -- Time elapsed: 0.001 s <<< ERROR!
java.lang.IllegalArgumentException: Attribute names are not unique! Causes: 'product' 
	at weka.core.Instances.<init>(Instances.java:265)
	at weka.core.DictionaryBuilder.getVectorizedFormat(DictionaryBuilder.java:1257)
	at weka.core.DictionaryBuilder.finalizeDictionary(DictionaryBuilder.java:1797)
	at weka.filters.unsupervised.attribute.StringToWordVector.batchFinished(StringToWordVector.java:679)
	at weka.filters.Filter.useFilter(Filter.java:708)
	at weka.classifiers.meta.FilteredClassifier.setUp(FilteredClassifier.java:719)
	at weka.classifiers.meta.FilteredClassifier.buildClassifier(FilteredClassifier.java:794)
	at com.nexus.sentiment.SentimentModelTrainer.train(SentimentModelTrainer.java:42)
	at com.nexus.sentiment.SentimentPredictorTest.setUp(SentimentPredictorTest.java:48)
	at java.base/java.lang.reflect.Method.invoke(Method.java:565)
	at java.base/java.util.ArrayList.forEach(ArrayList.java:1604)
	at java.base/java.util.ArrayList.forEach(ArrayList.java:1604)

com.nexus.sentiment.SentimentPredictorTest.testExpectedScoreCalculation -- Time elapsed: 0.001 s <<< ERROR!
java.lang.IllegalArgumentException: Attribute names are not unique! Causes: 'product' 
	at weka.core.Instances.<init>(Instances.java:265)
	at weka.core.DictionaryBuilder.getVectorizedFormat(DictionaryBuilder.java:1257)
	at weka.core.DictionaryBuilder.finalizeDictionary(DictionaryBuilder.java:1797)
	at weka.filters.unsupervised.attribute.StringToWordVector.batchFinished(StringToWordVector.java:679)
	at weka.filters.Filter.useFilter(Filter.java:708)
	at weka.classifiers.meta.FilteredClassifier.setUp(FilteredClassifier.java:719)
	at weka.classifiers.meta.FilteredClassifier.buildClassifier(FilteredClassifier.java:794)
	at com.nexus.sentiment.SentimentModelTrainer.train(SentimentModelTrainer.java:42)
	at com.nexus.sentiment.SentimentPredictorTest.setUp(SentimentPredictorTest.java:48)
	at java.base/java.lang.reflect.Method.invoke(Method.java:565)
	at java.base/java.util.ArrayList.forEach(ArrayList.java:1604)
	at java.base/java.util.ArrayList.forEach(ArrayList.java:1604)

com.nexus.sentiment.SentimentPredictorTest.testDistributionSumsToOne -- Time elapsed: 0.001 s <<< ERROR!
java.lang.IllegalArgumentException: Attribute names are not unique! Causes: 'product' 
	at weka.core.Instances.<init>(Instances.java:265)
	at weka.core.DictionaryBuilder.getVectorizedFormat(DictionaryBuilder.java:1257)
	at weka.core.DictionaryBuilder.finalizeDictionary(DictionaryBuilder.java:1797)
	at weka.filters.unsupervised.attribute.StringToWordVector.batchFinished(StringToWordVector.java:679)
	at weka.filters.Filter.useFilter(Filter.java:708)
	at weka.classifiers.meta.FilteredClassifier.setUp(FilteredClassifier.java:719)
	at weka.classifiers.meta.FilteredClassifier.buildClassifier(FilteredClassifier.java:794)
	at com.nexus.sentiment.SentimentModelTrainer.train(SentimentModelTrainer.java:42)
	at com.nexus.sentiment.SentimentPredictorTest.setUp(SentimentPredictorTest.java:48)
	at java.base/java.lang.reflect.Method.invoke(Method.java:565)
	at java.base/java.util.ArrayList.forEach(ArrayList.java:1604)
	at java.base/java.util.ArrayList.forEach(ArrayList.java:1604)

com.nexus.sentiment.SentimentPredictorTest.testPredictedLabelMatchesHighestProbability -- Time elapsed: 0 s <<< ERROR!
java.lang.IllegalArgumentException: Attribute names are not unique! Causes: 'product' 
	at weka.core.Instances.<init>(Instances.java:265)
	at weka.core.DictionaryBuilder.getVectorizedFormat(DictionaryBuilder.java:1257)
	at weka.core.DictionaryBuilder.finalizeDictionary(DictionaryBuilder.java:1797)
	at weka.filters.unsupervised.attribute.StringToWordVector.batchFinished(StringToWordVector.java:679)
	at weka.filters.Filter.useFilter(Filter.java:708)
	at weka.classifiers.meta.FilteredClassifier.setUp(FilteredClassifier.java:719)
	at weka.classifiers.meta.FilteredClassifier.buildClassifier(FilteredClassifier.java:794)
	at com.nexus.sentiment.SentimentModelTrainer.train(SentimentModelTrainer.java:42)
	at com.nexus.sentiment.SentimentPredictorTest.setUp(SentimentPredictorTest.java:48)
	at java.base/java.lang.reflect.Method.invoke(Method.java:565)
	at java.base/java.util.ArrayList.forEach(ArrayList.java:1604)
	at java.base/java.util.ArrayList.forEach(ArrayList.java:1604)

com.nexus.sentiment.SentimentPredictorTest.testExpectedScoreInRange -- Time elapsed: 0.001 s <<< ERROR!
java.lang.IllegalArgumentException: Attribute names are not unique! Causes: 'product' 
	at weka.core.Instances.<init>(Instances.java:265)
	at weka.core.DictionaryBuilder.getVectorizedFormat(DictionaryBuilder.java:1257)
	at weka.core.DictionaryBuilder.finalizeDictionary(DictionaryBuilder.java:1797)
	at weka.filters.unsupervised.attribute.StringToWordVector.batchFinished(StringToWordVector.java:679)
	at weka.filters.Filter.useFilter(Filter.java:708)
	at weka.classifiers.meta.FilteredClassifier.setUp(FilteredClassifier.java:719)
	at weka.classifiers.meta.FilteredClassifier.buildClassifier(FilteredClassifier.java:794)
	at com.nexus.sentiment.SentimentModelTrainer.train(SentimentModelTrainer.java:42)
	at com.nexus.sentiment.SentimentPredictorTest.setUp(SentimentPredictorTest.java:48)
	at java.base/java.lang.reflect.Method.invoke(Method.java:565)
	at java.base/java.util.ArrayList.forEach(ArrayList.java:1604)
	at java.base/java.util.ArrayList.forEach(ArrayList.java:1604)

com.nexus.sentiment.SentimentPredictorTest.testPredictReturnsResults -- Time elapsed: 0.001 s <<< ERROR!
java.lang.IllegalArgumentException: Attribute names are not unique! Causes: 'product' 
	at weka.core.Instances.<init>(Instances.java:265)
	at weka.core.DictionaryBuilder.getVectorizedFormat(DictionaryBuilder.java:1257)
	at weka.core.DictionaryBuilder.finalizeDictionary(DictionaryBuilder.java:1797)
	at weka.filters.unsupervised.attribute.StringToWordVector.batchFinished(StringToWordVector.java:679)
	at weka.filters.Filter.useFilter(Filter.java:708)
	at weka.classifiers.meta.FilteredClassifier.setUp(FilteredClassifier.java:719)
	at weka.classifiers.meta.FilteredClassifier.buildClassifier(FilteredClassifier.java:794)
	at com.nexus.sentiment.SentimentModelTrainer.train(SentimentModelTrainer.java:42)
	at com.nexus.sentiment.SentimentPredictorTest.setUp(SentimentPredictorTest.java:48)
	at java.base/java.lang.reflect.Method.invoke(Method.java:565)
	at java.base/java.util.ArrayList.forEach(ArrayList.java:1604)
	at java.base/java.util.ArrayList.forEach(ArrayList.java:1604)

