<?xml version="1.0" encoding="UTF-8"?>
<testsuite xmlns:xsi="http://www.w3.org/2001/XMLSchema-instance" xsi:noNamespaceSchemaLocation="https://maven.apache.org/surefire/maven-surefire-plugin/xsd/surefire-test-report-3.0.xsd" version="3.0" name="com.nexus.sentiment.SentimentStatisticsTest" time="0.023" tests="11" errors="0" skipped="0" failures="0">
  <properties>
[...]
</properties>
  <testcase name="testSinglePrediction" classname="com.nexus.sentiment.SentimentStatisticsTest" time="0.008"/>
  <testcase name="testMeanScoreCalculation" classname="com.nexus.sentiment.SentimentStatisticsTest" time="0.009"/>
  <testcase name="testPositiveSkewness" classname="com.nexus.sentiment.SentimentStatisticsTest" time="0.0"/>
  <testcase name="testMultipleGroups" classname="com.nexus.sentiment.SentimentStatisticsTest" time="0.001"/>
  <testcase name="testProportionsCalculation" classname="com.nexus.sentiment.SentimentStatisticsTest" time="0.0"/>
  <testcase name="testSummarizeBasicStatistics" classname="com.nexus.sentiment.SentimentStatisticsTest" time="0.001"/>
  <testcase name="testVarianceAndStdDevCalculation" classname="com.nexus.sentiment.SentimentStatisticsTest" time="0.0"/>
  <testcase name="testEmptyPredictions" classname="com.nexus.sentiment.SentimentStatisticsTest" time="0.001"/>
  <testcase name="testSkewnessCalculation" classname="com.nexus.sentiment.SentimentStatisticsTest" time="0.0"/>
  <testcase name="testAllPositivePredictions" classname="com.nexus.sentiment.SentimentStatisticsTest" time="0.0"/>
  <testcase name="testImmutabilityOfStatistics" classname="com.nexus.sentiment.SentimentStatisticsTest" time="0.0"/>
</testsuite>